2025-03-22 20:29:19.789 [TestNG-suites-1] DEBUG io.netty.util.internal.PlatformDependent0 - -Dio.netty.noUnsafe: false
2025-03-22 20:29:19.796 [TestNG-suites-1] DEBUG io.netty.util.internal.PlatformDependent0 - Java version: 17
2025-03-22 20:29:19.798 [TestNG-suites-1] DEBUG io.netty.util.internal.PlatformDependent0 - sun.misc.Unsafe.theUnsafe: available
2025-03-22 20:29:19.799 [TestNG-suites-1] DEBUG io.netty.util.internal.PlatformDependent0 - sun.misc.Unsafe.copyMemory: available
2025-03-22 20:29:19.800 [TestNG-suites-1] DEBUG io.netty.util.internal.PlatformDependent0 - sun.misc.Unsafe.storeFence: available
2025-03-22 20:29:19.801 [TestNG-suites-1] DEBUG io.netty.util.internal.PlatformDependent0 - java.nio.Buffer.address: available
2025-03-22 20:29:19.802 [TestNG-suites-1] DEBUG io.netty.util.internal.PlatformDependent0 - direct buffer constructor: unavailable: Reflective setAccessible(true) disabled
2025-03-22 20:29:19.803 [TestNG-suites-1] DEBUG io.netty.util.internal.PlatformDependent0 - java.nio.Bits.unaligned: available, true
2025-03-22 20:29:19.804 [TestNG-suites-1] DEBUG io.netty.util.internal.PlatformDependent0 - jdk.internal.misc.Unsafe.allocateUninitializedArray(int): unavailable: class io.netty.util.internal.PlatformDependent0$7 cannot access class jdk.internal.misc.Unsafe (in module java.base) because module java.base does not export jdk.internal.misc to unnamed module @18ce0030
2025-03-22 20:29:19.807 [TestNG-suites-1] DEBUG io.netty.util.internal.PlatformDependent0 - java.nio.DirectByteBuffer.<init>(long, int): unavailable
2025-03-22 20:29:19.808 [TestNG-suites-1] DEBUG io.netty.util.internal.PlatformDependent - sun.misc.Unsafe: available
2025-03-22 20:29:19.811 [TestNG-suites-1] DEBUG io.netty.util.internal.PlatformDependent - maxDirectMemory: 2116026368 bytes (maybe)
2025-03-22 20:29:19.811 [TestNG-suites-1] DEBUG io.netty.util.internal.PlatformDependent - -Dio.netty.tmpdir: C:\Users\jbk\AppData\Local\Temp (java.io.tmpdir)
2025-03-22 20:29:19.811 [TestNG-suites-1] DEBUG io.netty.util.internal.PlatformDependent - -Dio.netty.bitMode: 64 (sun.arch.data.model)
2025-03-22 20:29:19.812 [TestNG-suites-1] DEBUG io.netty.util.internal.PlatformDependent - Platform: Windows
2025-03-22 20:29:19.813 [TestNG-suites-1] DEBUG io.netty.util.internal.PlatformDependent - -Dio.netty.maxDirectMemory: -1 bytes
2025-03-22 20:29:19.813 [TestNG-suites-1] DEBUG io.netty.util.internal.PlatformDependent - -Dio.netty.uninitializedArrayAllocationThreshold: -1
2025-03-22 20:29:19.815 [TestNG-suites-1] DEBUG io.netty.util.internal.CleanerJava9 - java.nio.ByteBuffer.cleaner(): available
2025-03-22 20:29:19.816 [TestNG-suites-1] DEBUG io.netty.util.internal.PlatformDependent - -Dio.netty.noPreferDirect: false
2025-03-22 20:29:19.828 [TestNG-suites-1] DEBUG io.netty.util.internal.PlatformDependent - org.jctools-core.MpscChunkedArrayQueue: available
2025-03-22 20:29:19.860 [TestNG-suites-1] DEBUG io.netty.util.internal.InternalThreadLocalMap - -Dio.netty.threadLocalMap.stringBuilder.initialSize: 1024
2025-03-22 20:29:19.861 [TestNG-suites-1] DEBUG io.netty.util.internal.InternalThreadLocalMap - -Dio.netty.threadLocalMap.stringBuilder.maxSize: 4096
2025-03-22 20:29:20.334 [TestNG-suites-1] DEBUG io.netty.handler.ssl.JdkSslContext - Default protocols (JDK): [TLSv1.3, TLSv1.2] 
2025-03-22 20:29:20.335 [TestNG-suites-1] DEBUG io.netty.handler.ssl.JdkSslContext - Default cipher suites (JDK): [TLS_ECDHE_ECDSA_WITH_AES_256_GCM_SHA384, TLS_ECDHE_ECDSA_WITH_AES_128_GCM_SHA256, TLS_ECDHE_RSA_WITH_AES_128_GCM_SHA256, TLS_ECDHE_RSA_WITH_AES_256_GCM_SHA384, TLS_ECDHE_RSA_WITH_AES_128_CBC_SHA, TLS_ECDHE_RSA_WITH_AES_256_CBC_SHA, TLS_RSA_WITH_AES_128_GCM_SHA256, TLS_RSA_WITH_AES_128_CBC_SHA, TLS_RSA_WITH_AES_256_CBC_SHA, TLS_AES_128_GCM_SHA256, TLS_AES_256_GCM_SHA384]
2025-03-22 20:29:20.361 [TestNG-suites-1] DEBUG io.netty.util.concurrent.GlobalEventExecutor - -Dio.netty.globalEventExecutor.quietPeriodSeconds: 1
2025-03-22 20:29:20.388 [TestNG-suites-1] DEBUG io.netty.channel.MultithreadEventLoopGroup - -Dio.netty.eventLoopThreads: 8
2025-03-22 20:29:20.405 [TestNG-suites-1] DEBUG io.netty.channel.nio.NioEventLoop - -Dio.netty.noKeySetOptimization: false
2025-03-22 20:29:20.406 [TestNG-suites-1] DEBUG io.netty.channel.nio.NioEventLoop - -Dio.netty.selectorAutoRebuildThreshold: 512
2025-03-22 20:29:20.490 [TestNG-suites-1] DEBUG io.netty.buffer.PooledByteBufAllocator - -Dio.netty.allocator.numHeapArenas: 8
2025-03-22 20:29:20.490 [TestNG-suites-1] DEBUG io.netty.buffer.PooledByteBufAllocator - -Dio.netty.allocator.numDirectArenas: 8
2025-03-22 20:29:20.490 [TestNG-suites-1] DEBUG io.netty.buffer.PooledByteBufAllocator - -Dio.netty.allocator.pageSize: 8192
2025-03-22 20:29:20.491 [TestNG-suites-1] DEBUG io.netty.buffer.PooledByteBufAllocator - -Dio.netty.allocator.maxOrder: 9
2025-03-22 20:29:20.491 [TestNG-suites-1] DEBUG io.netty.buffer.PooledByteBufAllocator - -Dio.netty.allocator.chunkSize: 4194304
2025-03-22 20:29:20.491 [TestNG-suites-1] DEBUG io.netty.buffer.PooledByteBufAllocator - -Dio.netty.allocator.smallCacheSize: 256
